<?xml version="1.0" encoding="UTF-8"?>
<!-- Generated by org.testng.reporters.JUnitReportReporter -->
<testsuite hostname="DESKTOP-I0DC8MB" failures="0" tests="2" name="com.swiggy.testscripts.TestRunner" time="61.836" errors="2" timestamp="2023-08-12T23:07:40 IST" skipped="0">
  <testcase classname="com.swiggy.testscripts.TestRunner" name="runScenario" time="30.341">
    <error type="java.lang.NullPointerException">
      <![CDATA[java.lang.NullPointerException
at java.base/java.util.Objects.requireNonNull(Objects.java:221)
at org.openqa.selenium.interactions.Actions.<init>(Actions.java:65)
at com.swiggy.pages.Landinpage.<init>(Landinpage.java:29)
at com.swiggy.testscripts.Driver.init(Driver.java:63)
at com.swiggy.testscripts.BeforeAfter.setUp(BeforeAfter.java:15)
]]>
    </error>
  </testcase> <!-- runScenario -->
  <system-out/>
  <testcase classname="com.swiggy.testscripts.TestRunner" name="runScenario" time="31.495">
    <error type="java.lang.NullPointerException">
      <![CDATA[java.lang.NullPointerException
at java.base/java.util.Objects.requireNonNull(Objects.java:221)
at org.openqa.selenium.interactions.Actions.<init>(Actions.java:65)
at com.swiggy.pages.Landinpage.<init>(Landinpage.java:29)
at com.swiggy.testscripts.Driver.init(Driver.java:63)
at com.swiggy.testscripts.BeforeAfter.setUp(BeforeAfter.java:15)
]]>
    </error>
  </testcase> <!-- runScenario -->
  <system-out/>
</testsuite> <!-- com.swiggy.testscripts.TestRunner -->
